<?xml version="1.0" encoding="UTF-8"?>
<!-- Generated by org.testng.reporters.JUnitReportReporter -->
<testsuite skipped="2" hostname="LAPTOP-KJFGV1DS" name="training_1103.Rest" tests="3" failures="0" timestamp="14 Mar 2022 03:06:57 GMT" time="3.722" errors="0">
  <testcase name="API_testcase" time="3.722" classname="training_1103.Rest"/>
  <testcase name="testcase2" classname="training_1103.Rest">
    <skipped/>
  </testcase> <!-- testcase2 -->
  <testcase name="testcase" classname="training_1103.Rest">
    <skipped/>
  </testcase> <!-- testcase -->
</testsuite> <!-- training_1103.Rest -->
