<?xml version="1.0" encoding="UTF-8"?>
<!-- Generated by org.testng.reporters.JUnitReportReporter -->
<testsuite skipped="6" hostname="LAPTOP-KJFGV1DS" name="training_1103.JSON" tests="7" failures="0" timestamp="15 Mar 2022 04:07:10 GMT" time="1.310" errors="0">
  <testcase name="POJO" time="1.310" classname="training_1103.JSON"/>
  <testcase name="jsonobjecttestcase" classname="training_1103.JSON">
    <skipped/>
  </testcase> <!-- jsonobjecttestcase -->
  <testcase name="jsontestcase" classname="training_1103.JSON">
    <skipped/>
  </testcase> <!-- jsontestcase -->
  <testcase name="jsonarraytestcase" classname="training_1103.JSON">
    <skipped/>
  </testcase> <!-- jsonarraytestcase -->
  <testcase name="getdetails" classname="training_1103.JSON">
    <skipped/>
  </testcase> <!-- getdetails -->
  <testcase name="assertontestcase" classname="training_1103.JSON">
    <skipped/>
  </testcase> <!-- assertontestcase -->
  <testcase name="jsontestcase2" classname="training_1103.JSON">
    <skipped/>
  </testcase> <!-- jsontestcase2 -->
</testsuite> <!-- training_1103.JSON -->
