<?xml version="1.0" encoding="UTF-8"?>
<!-- Generated by org.testng.reporters.JUnitReportReporter -->
<testsuite skipped="0" hostname="LAPTOP-KJFGV1DS" name="Assignemt_RestAssured.Assignment" tests="5" failures="0" timestamp="16 Mar 2022 02:39:54 GMT" time="10.666" errors="0">
  <testcase name="delete" time="1.630" classname="Assignemt_RestAssured.Assignment"/>
  <testcase name="modify" time="1.726" classname="Assignemt_RestAssured.Assignment"/>
  <testcase name="login" time="1.566" classname="Assignemt_RestAssured.Assignment"/>
  <testcase name="logout" time="1.640" classname="Assignemt_RestAssured.Assignment"/>
  <testcase name="createuser" time="4.104" classname="Assignemt_RestAssured.Assignment"/>
</testsuite> <!-- Assignemt_RestAssured.Assignment -->
